<?xml version="1.0" encoding="UTF-8"?>
<!-- Generated by org.testng.reporters.JUnitReportReporter -->
<testsuite skipped="0" hostname="DESKTOP-F2LTFAU" name="com.syntax.practice.TestLogin" tests="4" failures="0" timestamp="2020-10-04T15:19:59 ALMT" time="54.708" errors="0">
  <testcase name="loginTest" time="17.991" classname="com.syntax.practice.TestLogin"/>
  <system-out/>
  <testcase name="negativeLoginTest" time="10.667" classname="com.syntax.practice.TestLogin"/>
  <system-out/>
  <testcase name="negativeLoginTest" time="12.494" classname="com.syntax.practice.TestLogin"/>
  <system-out/>
  <testcase name="negativeLoginTest" time="13.556" classname="com.syntax.practice.TestLogin"/>
  <system-out/>
</testsuite> <!-- com.syntax.practice.TestLogin -->
